2025-03-19 16:32:32,619 - INFO - Successfully created BTC wallet for user 94 with address tb1quy3f0qk5eymcjgfvewu8e4lwsgp3z8x9rmux6c wallet name NextVibeWalletBtc94
2025-03-19 16:33:20,153 - ERROR - Failed to create BTC wallet for user 94: Wallet with name 'NextVibeWalletBtc94' already exists
2025-03-19 16:33:54,580 - ERROR - Failed to create BTC wallet for user 1: Wallet with name 'NextVibeWalletBtc1' already exists
2025-03-19 16:34:13,312 - INFO - Successfully created BTC wallet for user 13 with address tb1q7tx7qxy06qy3tqysa36e4xx0yqn8ryaajpltsx wallet name NextVibeWalletBtc13
2025-03-19 16:35:06,808 - ERROR - Failed to create BTC wallet for user 13: Wallet with name 'NextVibeWalletBtc13' already exists
2025-03-19 16:35:24,567 - INFO - Successfully created BTC wallet for user 14 with address tb1qj7j8gfxju7pek0yc0hqvuvnfzea0n0cn7g9zrj wallet name NextVibeWalletBtc14
2025-03-20 09:21:38,524 - ERROR - Failed to create BTC wallet for user 94: Wallet with name 'NextVibeWalletBtc94' already exists
2025-03-20 09:21:38,531 - INFO - Creating wallet with address A1vw5dFAJ9fLpMvgM4134njbVWJvqxnyK9TC2tNxruBi and private key 885a7e3f3d03c5d5a2b9065fffd7f5c0611771e91951e3290261d096b86fb75285f629f5cb84b459f96c45af0e57b061a728839c624e3593eec5e52912c20c35
2025-03-20 09:21:38,534 - INFO - Successfully created TRX wallet with address TLhZuC8YvPFezbkRmD4G3WauxkvvMRsf8M and private_key c40e956e6ddb8a74023322c2204f8ad1c213bcf4c0d6c73936416c366969d0bf
2025-03-20 09:26:09,914 - ERROR - Failed to create BTC wallet for user 94: Wallet with name 'NextVibeWalletBtc94' already exists
2025-03-20 09:26:09,916 - INFO - Creating wallet with address D6oUf5ahzvRzXwk8LfdwEgpXijv9hKF6LCsKTzR48uFg and private key 432ce73a3ddf20343afc1e095763cc36c7f8c65a05fbee29b0d305cb9bc36993b3c8b2dd4000795f8779694a44017f4d7605ccfaf894cbf57dc7d7d6f422232b
2025-03-20 09:26:09,918 - INFO - Successfully created TRX wallet with address TEoHCfYpukCS5qRCMVVf5ZwtHTQ7HEcdSB and private_key ef4ef5d23146a8333c36cf2dd5dbfe77158761490713aa33bb1e06397d43b157
2025-03-24 20:21:37,826 - INFO - Successfully created BTC wallet for user 110 with address tb1q03n8c0c6jhv3e75j3k87rdreelzqjmf5gfl6rr wallet name NextVibeWalletBtc110
2025-03-24 20:21:37,829 - INFO - Creating wallet with address GAFXN6PaHjQ5HEFQe5Ni4awYc9iiKNC6xFqXqZV97th2 and private key 733592068da55dc599edfd44fb763c47e86abd27a00321eb76069bde3cb56798e13df3f57045f5b47221e11f1f88c35f5705591a9316c2d4de610949e1b7482d
2025-03-24 20:21:37,830 - INFO - Successfully created TRX wallet with address TE1xHKV8seBAKNAWace8FgRVnwRbKPhiHV and private_key c8cf04e30e28d0de28d801cdab35f5b2f7e7723ecdc51adea53c4b11207c4d05
2025-03-24 20:21:40,424 - INFO - Balance address: tb1q03n8c0c6jhv3e75j3k87rdreelzqjmf5gfl6rr: 0.0
2025-03-24 20:21:41,219 - INFO - Balance address: GAFXN6PaHjQ5HEFQe5Ni4awYc9iiKNC6xFqXqZV97th2: 0.0
2025-03-24 20:21:41,845 - ERROR - Error: account not found on-chain
2025-03-24 20:27:00,167 - INFO - Balance address: tb1q03n8c0c6jhv3e75j3k87rdreelzqjmf5gfl6rr: 0.0
2025-03-24 20:27:01,005 - INFO - Balance address: GAFXN6PaHjQ5HEFQe5Ni4awYc9iiKNC6xFqXqZV97th2: 0.0
2025-03-24 20:27:01,594 - ERROR - Error: account not found on-chain
2025-04-07 10:06:58,092 - INFO - Successfully created BTC wallet for user 114 with address tb1qn76hn3qwq0mg7esffrdcrtxuwkwq9u5y88z79k wallet name NextVibeWalletBtc114
2025-04-07 10:06:58,099 - INFO - Creating wallet with address 5sUhE2wSTyRD73HCsHABSbgeJBYYTeDrgZR2FqYAY1nN and private key 3cc6ce3dd27c336eddacd4fe418ef4157f85c1d55fb2b51b481b92570aa28e0f485d19f0f33e5c18a13c7be6f0ce09eadc9516816007090aa1ce9e88d58ae10f
2025-04-07 10:06:58,102 - INFO - Successfully created TRX wallet with address TGVuM8aE46tqoaERRzjbZykPmsgZ6n2CUK and private_key 5580e438157d68f9cd00da98ef4f004ae9755a0a3c1257ae507a74115fe3a05c
2025-04-07 10:07:02,198 - INFO - Balance address: tb1qn76hn3qwq0mg7esffrdcrtxuwkwq9u5y88z79k: 0.0
2025-04-07 10:07:02,701 - INFO - Balance address: 5sUhE2wSTyRD73HCsHABSbgeJBYYTeDrgZR2FqYAY1nN: 0.0
2025-04-07 10:07:03,353 - ERROR - Error: account not found on-chain
2025-04-07 10:08:14,564 - INFO - Balance address: tb1qn76hn3qwq0mg7esffrdcrtxuwkwq9u5y88z79k: 0.0
2025-04-07 10:08:14,987 - INFO - Balance address: 5sUhE2wSTyRD73HCsHABSbgeJBYYTeDrgZR2FqYAY1nN: 0.0
2025-04-07 10:08:15,587 - ERROR - Error: account not found on-chain
2025-04-07 10:09:29,310 - INFO - Balance address: tb1qn76hn3qwq0mg7esffrdcrtxuwkwq9u5y88z79k: 0.0
2025-04-07 10:09:30,198 - INFO - Balance address: 5sUhE2wSTyRD73HCsHABSbgeJBYYTeDrgZR2FqYAY1nN: 0.0
2025-04-07 10:09:30,781 - INFO - Balance: 2000.0 address: TGVuM8aE46tqoaERRzjbZykPmsgZ6n2CUK
2025-04-07 10:11:44,401 - INFO - Balance address: tb1qw2ms892ypgqrmt86947vtt5jjs2wrte2m45t09: 0.00022226
2025-04-07 10:11:45,189 - INFO - Balance address: 9Ek2AohhZWA6boxQT7JHizb7iDq3suNPXCqfGKXL4uEU: 30.0
2025-04-07 10:11:45,787 - INFO - Balance: 4269.108934 address: TQE5eystzu41x8HWPwdAygfoJ4bdyJ8FM4
2025-04-07 10:13:00,414 - INFO - Balance address: tb1qw2ms892ypgqrmt86947vtt5jjs2wrte2m45t09: 0.00022226
2025-04-07 10:13:00,901 - INFO - Balance address: 9Ek2AohhZWA6boxQT7JHizb7iDq3suNPXCqfGKXL4uEU: 30.0
2025-04-07 10:13:01,541 - INFO - Balance: 4269.108934 address: TQE5eystzu41x8HWPwdAygfoJ4bdyJ8FM4
2025-04-28 08:36:39,018 - INFO - Successfully created BTC wallet for user 102 with address tb1q5n2yf7nky74zatuhaq2kxuz7qf07lkz4hmsuw0 wallet name NextVibeWalletBtc102
2025-04-28 08:36:39,025 - INFO - Creating wallet with address 99njqYpUykayfjzFghNnsE16vDf7gTxNjEofzCQM9Eh and private key a1a4eda4f551d96b54dbb5f742c8224cf2556909df7c8e9aa5e05398cb829ce102169571f03b0b0352d50de9a6c79d72679bbd51a24753ea7dafd29a551864ea
2025-04-28 08:36:39,028 - INFO - Successfully created TRX wallet with address TJfx4T3k4RYBozngg1p1dy1AoUy9PdDbv2 and private_key 1b4b4a46182224300c5243a103c5f7a08a96b5aac14e842fa5bf02f643ba5dde
2025-04-28 08:36:43,622 - INFO - Balance address: tb1q5n2yf7nky74zatuhaq2kxuz7qf07lkz4hmsuw0: 0.0
2025-04-28 08:36:47,378 - INFO - Balance address: tb1q5n2yf7nky74zatuhaq2kxuz7qf07lkz4hmsuw0: 0.0
2025-04-28 08:36:47,866 - INFO - Balance address: 99njqYpUykayfjzFghNnsE16vDf7gTxNjEofzCQM9Eh: 0.0
2025-04-28 08:36:48,408 - INFO - Balance address: 99njqYpUykayfjzFghNnsE16vDf7gTxNjEofzCQM9Eh: 0.0
2025-04-28 08:36:49,806 - ERROR - Error: account not found on-chain
2025-04-28 08:36:50,908 - ERROR - Error: account not found on-chain
2025-04-28 08:37:10,573 - INFO - Balance address: tb1q5n2yf7nky74zatuhaq2kxuz7qf07lkz4hmsuw0: 0.0
2025-04-28 08:37:10,977 - INFO - Balance address: 99njqYpUykayfjzFghNnsE16vDf7gTxNjEofzCQM9Eh: 0.0
2025-04-28 08:37:11,593 - ERROR - Error: account not found on-chain
2025-04-28 08:37:12,498 - INFO - Balance address: tb1q5n2yf7nky74zatuhaq2kxuz7qf07lkz4hmsuw0: 0.0
2025-04-28 08:37:12,896 - INFO - Balance address: 99njqYpUykayfjzFghNnsE16vDf7gTxNjEofzCQM9Eh: 0.0
2025-04-28 08:37:13,526 - ERROR - Error: account not found on-chain
2025-04-28 08:37:23,443 - INFO - Balance address: tb1q5n2yf7nky74zatuhaq2kxuz7qf07lkz4hmsuw0: 0.0
2025-04-28 08:37:24,271 - INFO - Balance address: 99njqYpUykayfjzFghNnsE16vDf7gTxNjEofzCQM9Eh: 0.0
2025-04-28 08:37:24,905 - ERROR - Error: account not found on-chain
2025-04-28 08:39:11,233 - INFO - Balance address: tb1q5n2yf7nky74zatuhaq2kxuz7qf07lkz4hmsuw0: 0.0
2025-04-28 08:39:11,743 - INFO - Balance address: 99njqYpUykayfjzFghNnsE16vDf7gTxNjEofzCQM9Eh: 0.0
2025-04-28 08:39:12,417 - ERROR - Error: account not found on-chain
2025-04-28 08:39:21,895 - INFO - Balance address: tb1q5n2yf7nky74zatuhaq2kxuz7qf07lkz4hmsuw0: 0.0
2025-04-28 08:39:22,359 - INFO - Balance address: 99njqYpUykayfjzFghNnsE16vDf7gTxNjEofzCQM9Eh: 0.0
2025-04-28 08:39:24,422 - ERROR - Error: account not found on-chain
2025-04-28 08:39:24,561 - INFO - Balance address: tb1q5n2yf7nky74zatuhaq2kxuz7qf07lkz4hmsuw0: 0.0
2025-04-28 08:39:25,113 - INFO - Balance address: 99njqYpUykayfjzFghNnsE16vDf7gTxNjEofzCQM9Eh: 0.0
2025-04-28 08:39:26,932 - ERROR - Error: account not found on-chain
2025-04-28 08:43:08,037 - INFO - Balance address: tb1q5n2yf7nky74zatuhaq2kxuz7qf07lkz4hmsuw0: 0.0
2025-04-28 08:43:08,629 - INFO - Balance address: 99njqYpUykayfjzFghNnsE16vDf7gTxNjEofzCQM9Eh: 0.0
2025-04-28 08:43:08,876 - INFO - Balance address: tb1q5n2yf7nky74zatuhaq2kxuz7qf07lkz4hmsuw0: 0.0
2025-04-28 08:43:09,320 - INFO - Balance address: 99njqYpUykayfjzFghNnsE16vDf7gTxNjEofzCQM9Eh: 0.0
2025-04-28 08:43:09,379 - ERROR - Error: account not found on-chain
2025-04-28 08:43:10,083 - ERROR - Error: account not found on-chain
2025-04-28 08:43:15,605 - INFO - Balance address: tb1q5n2yf7nky74zatuhaq2kxuz7qf07lkz4hmsuw0: 0.0
2025-04-28 08:43:15,996 - INFO - Balance address: 99njqYpUykayfjzFghNnsE16vDf7gTxNjEofzCQM9Eh: 0.0
2025-04-28 08:43:16,653 - ERROR - Error: account not found on-chain
2025-04-28 08:43:21,382 - INFO - Balance address: tb1q5n2yf7nky74zatuhaq2kxuz7qf07lkz4hmsuw0: 0.0
2025-04-28 08:43:22,167 - INFO - Balance address: 99njqYpUykayfjzFghNnsE16vDf7gTxNjEofzCQM9Eh: 0.0
2025-04-28 08:43:22,981 - ERROR - Error: account not found on-chain
2025-04-28 08:43:31,028 - INFO - Balance address: tb1q5n2yf7nky74zatuhaq2kxuz7qf07lkz4hmsuw0: 0.0
2025-04-28 08:43:31,423 - INFO - Balance address: 99njqYpUykayfjzFghNnsE16vDf7gTxNjEofzCQM9Eh: 0.0
2025-04-28 08:43:32,121 - ERROR - Error: account not found on-chain
2025-04-28 08:43:57,029 - INFO - Balance address: tb1q5n2yf7nky74zatuhaq2kxuz7qf07lkz4hmsuw0: 0.0
2025-04-28 08:43:58,546 - INFO - Balance address: 99njqYpUykayfjzFghNnsE16vDf7gTxNjEofzCQM9Eh: 0.0
2025-04-28 08:43:59,201 - ERROR - Error: account not found on-chain
2025-04-28 08:44:18,475 - INFO - Balance address: tb1q5n2yf7nky74zatuhaq2kxuz7qf07lkz4hmsuw0: 0.0
2025-04-28 08:44:18,931 - INFO - Balance address: 99njqYpUykayfjzFghNnsE16vDf7gTxNjEofzCQM9Eh: 0.0
2025-04-28 08:44:19,587 - ERROR - Error: account not found on-chain
2025-04-28 08:44:37,006 - INFO - Balance address: tb1q5n2yf7nky74zatuhaq2kxuz7qf07lkz4hmsuw0: 0.0
2025-04-28 08:44:38,849 - INFO - Balance address: 99njqYpUykayfjzFghNnsE16vDf7gTxNjEofzCQM9Eh: 0.0
2025-04-28 08:44:40,121 - ERROR - Error: account not found on-chain
