2025-03-19 16:42:36,658 - INFO - Creating wallet with address 2zSL4a8iKqtAF9TuuBccAwR8ZxrKxwLLg3jFNLPdWtnA and private key 4ee54c05620f3a478cafa878a38b0a4bf7915317b1fe335e06eb90a5fbd160c91d926ea715da08a683249300ba76012e805d8327b992be4924363f0911de062f
2025-03-19 16:43:11,966 - INFO - Creating wallet with address 44fidbBV16QwiHVjru66zaLgGShdEEW5CUB6UqaxbgCL and private key bd69694877d099c31b8599a6f99425677bfd4f860f35ebb8a0dee7684431edaa2d8394df49a9ae44fbb6cd00706d4c0d3383f79a3da1fb0b35e2c0a98df388ed
2025-03-19 16:45:52,690 - INFO - Creating wallet with address GooqNrnjvgZUwwNu4kmaepaCfKhHGk6y5GzpcE1EwjqP and private key 219a63053768e29883791a0530ca42323cfe5ff557d1a4f3504db876c3a10fd2eadcfa012a7856dac2235c8d34e478659424607cffcc8fa648930254af7ad6de
2025-03-19 17:39:50,984 - INFO - Creating wallet with address Eay1bi1Ec5yyj3dALSiy61fV5JEqpr8g44LsQzWNQubj and private key 4e675c9740a47e9200be9c5de3e9ff2d8ec7dd8392722a81f5d633269bb4482ec9db6d84edd5e3781d7bf3333820063055265d1b76616b3d42ec66bbff3dbbf6
2025-03-19 17:39:50,985 - INFO - Successfully created TRX wallet with address TUP4YdKnaCEcWJ418qhxaLycdDC86EV8kF and private_key bdc6b3a1b94020bbc644d234c036005fefc575670cb60b54e7f628a65601a291
2025-03-20 09:27:24,688 - INFO - Creating wallet with address 25Y3zcqvNqddiXeEp1LwvsyRLXGkVnNisWm1gFre87c5 and private key 2ea6563d07c61e861b665bb704d872990c8e289ee8c0a46a1195ad9c497fd2e910051ecdfd9caa05ae83e26318804f582196bab5776add961f940272cc07d1d2
2025-03-20 09:27:24,691 - INFO - Successfully created TRX wallet with address TFMjyERPtWkKK5PKrnmESjYtXuLkC2mqRV and private_key def182811b86082ba9d0ab8247f2ec8da2e45dd641c9287931fa3175f0e8185f
2025-03-20 09:28:32,272 - INFO - Creating wallet with address 4MLB7YkNaAJq26FCjNqd3YMMFqB2bNB6DNMjQFUS9S2N and private key a2b565ae4cc6f973a06d4219bea06bbc0f16cecd87e61b91aea9dd80e497eca331c85b83b861e1d3a57f4f1ff63b6a25bbc309d55ed1065b8755920695e52783
2025-03-20 09:28:32,276 - INFO - Successfully created TRX wallet with address TXgZ7Ry6onbmaFrFRE6tRxdBx6VK6Cs2DU and private_key 31a5d4aa8c94903e60cf5ec2ad4bcb2ade22c9035f2a0680c336e870cbce5dc0
2025-03-20 09:30:13,986 - INFO - Creating wallet with address 8nLZDCkQPFnMhDQYsSKX5PZyh76WPzyrDJRFWjs6LzTa and private key 0802e659f79d6f94739ae8ee1a541d10050f9f3018e2bfd58075b82cdaf8b179739f0e63140793ffef43d8b4796bc0470c8d780c920fa9a65e2f1dbe4ab04791
2025-03-20 09:30:13,987 - INFO - Successfully created TRX wallet with address TXRCUKHMPFzKUw4YN5qaC1ATzg1shjwg5k and private_key 04bed758b4bd5589cc7390aa6725eb96052af75236b7c92c7f24bab5c83d4595
2025-03-20 10:04:57,285 - INFO - Creating wallet with address 7mn8QnQezmmqCSZgRxQwzLevisBA3pyZVeLWofHRYwv and private key 88dab9128d0c1e9d8802d6793a0f1b783d6f68c71addda1313956b27b27a327601bc1d963dd5ef79bb3cddfa416133026bd5b77abf24ddb9f6fb70cf64ef734d
2025-03-20 10:04:57,289 - INFO - Successfully created TRX wallet with address TJDG1xs26DUxzTRYqfMLfoXLcvEfvSSzDE and private_key 691e4dd64540b11a36b1584a8df2d6d0ba03206843583c7f3a094ebb0475aa92
2025-04-10 13:39:46,834 - INFO - Creating wallet with address Hah6Wb9BTNix6QFRdtJUfmres5iXSFFrszSXK51u7VZC and private key 02bbd70d6e6d8d4c152a77968a0d0836028a479598a6e9fd02c4f8b727bb3d60f65c7e3ad2645001b2804498f2a6aec237ea090e3eb64bbcc14e4e754c11fd6b
2025-04-10 13:39:46,847 - INFO - Successfully created TRX wallet with address TUMqdVTxKhQWw93Pzg3hkgfQvDZTKq21Js and private_key d627c01e3a652b7a491220dadd43059e35074fb0bba574992d2b7afef3ed2c9f
2025-04-10 13:39:52,709 - INFO - Balance address: tb1qdwkhm5cjn3hzecm8wzucu6cecwfdw5rl5kzc2h: 0.00021503
2025-04-10 13:39:53,179 - INFO - Balance address: Hah6Wb9BTNix6QFRdtJUfmres5iXSFFrszSXK51u7VZC: 0.0
2025-04-10 13:39:53,820 - ERROR - Error: account not found on-chain
2025-04-10 13:40:02,504 - INFO - Balance address: tb1qdwkhm5cjn3hzecm8wzucu6cecwfdw5rl5kzc2h: 0.00021503
2025-04-10 13:40:02,865 - INFO - Balance address: Hah6Wb9BTNix6QFRdtJUfmres5iXSFFrszSXK51u7VZC: 0.0
2025-04-10 13:40:03,472 - ERROR - Error: account not found on-chain
2025-05-27 19:05:48,620 - INFO - Creating wallet with address 2w9pgPdBWgj3JWNfTSPDNVbmMtHiVd1yZtVeN37jiPo5 and private key d89c77db50aa5bf07363f1b9d786c7938a77351610da28de4fafc31af56efe3f1cbb06973617d463bf31ec33acb1639f68166293373ae2f8ffc1884b4471f450
2025-05-27 19:05:48,626 - INFO - Successfully created TRX wallet with address TZ3KbKbmSSVn2us3MjESpVg7FJvFDFw2bR and private_key 2b0087c7b63f2dcaffa72868a791ca24b1f600530c939daa2c221ad41e5c9270
2025-05-27 19:05:52,075 - INFO - Balance address: tb1qm0ufcxn09zw2nag530kdkcwfeeje3ugqnkzhye: 0.0
2025-05-27 19:05:52,747 - INFO - Balance address: 2w9pgPdBWgj3JWNfTSPDNVbmMtHiVd1yZtVeN37jiPo5: 0.0
2025-05-27 19:05:53,434 - ERROR - Error: account not found on-chain
2025-05-27 19:17:12,422 - INFO - Successfully created BTC wallet for user 124 with address tb1q7xckmvshh096tddm0392gxuujflhmd6glml863 wallet name NextVibeWalletBtc124
2025-05-27 19:17:12,424 - INFO - Creating wallet with address BmPBfyZj39QQ4YN3wfFe1JJXqrPYd3x73B89tGXdcWBK and private key f9508d90ab17a21ad9eb0debdd6f5155b14596d58772e45b54187e87065df71d9ff38225ef5081efdfa5a2400defa3022ccb66114e6793ae8eff3af99b84dd22
2025-05-27 19:17:12,425 - INFO - Successfully created TRX wallet with address TVy5eBcztTPwYkLARF6QLjeipqmGRH32qf and private_key c04b022f275f6283ea8829703a13cfe3a401a5d279be6dd594e297b1a4f70a60
2025-05-27 19:17:15,387 - INFO - Balance address: tb1q7xckmvshh096tddm0392gxuujflhmd6glml863: 0.0
2025-05-27 19:17:16,415 - INFO - Balance address: BmPBfyZj39QQ4YN3wfFe1JJXqrPYd3x73B89tGXdcWBK: 0.0
2025-05-27 19:17:17,063 - ERROR - Error: account not found on-chain
2025-06-30 13:54:04,542 - INFO - Creating wallet with address HbfaTfmfPLyfV8XLCwpPeegg3U1VkqjQVgm4GJtzFXGd and private key 97eda9186efd0954870716b4797b0565c98d67d10f070c333e56ff8b846123dff69c5b7c187529f64dbacf096755a71da457b40bc24aecdd5771dbdc49e56222
2025-06-30 13:54:04,543 - INFO - Successfully created TRX wallet with address TTuk9mTagq9885mmdfn484kQhrPKcF96BQ and private_key ef4083d1f9487c5a3d137478497e25cbec017eb78c26f777f03a97f323e08fdf
2025-06-30 13:54:07,002 - INFO - Balance address: tb1quz47le8lejed7dj9n40732jyq6fa78q8ma9thh: 0.0
2025-06-30 13:54:07,895 - INFO - Balance address: HbfaTfmfPLyfV8XLCwpPeegg3U1VkqjQVgm4GJtzFXGd: 0.0
2025-06-30 13:54:08,527 - ERROR - Error: account not found on-chain
2025-06-30 13:55:45,813 - INFO - Balance address: tb1quz47le8lejed7dj9n40732jyq6fa78q8ma9thh: 0.0
2025-06-30 13:55:46,656 - INFO - Balance address: HbfaTfmfPLyfV8XLCwpPeegg3U1VkqjQVgm4GJtzFXGd: 0.0
2025-06-30 13:55:47,266 - ERROR - Error: account not found on-chain
2025-06-30 13:56:44,014 - INFO - Balance address: tb1quz47le8lejed7dj9n40732jyq6fa78q8ma9thh: 0.0
2025-06-30 13:56:44,509 - INFO - Balance address: HbfaTfmfPLyfV8XLCwpPeegg3U1VkqjQVgm4GJtzFXGd: 0.0
2025-06-30 13:56:45,093 - ERROR - Error: account not found on-chain
2025-10-23 18:52:06,425 - INFO - Creating wallet with address CojdCXfgWgD8FQMMGzWcWGffBgC2Ze61qSmYxeGqLpqr
2025-10-23 18:52:06,430 - INFO - Successfully created TRX wallet with address TScyd26xTz1s2s3LjHyu9XMpvZYcCP1Kq7
2025-10-23 18:52:06,440 - INFO - Creating wallet with address 0xa5e90474Db47C57398924Fd79481E1B1D4AD9ddd
2025-10-23 18:52:41,061 - INFO - Creating wallet with address Cde5vRPWwVPK47eMEJ97AvzJhn2MGxEhyFDYWyRso9vd
2025-10-23 18:52:41,064 - INFO - Successfully created TRX wallet with address TFrztF5BmZmxdKXKSrghnEW4V88Aem3ujE
2025-10-23 18:52:41,067 - INFO - Creating wallet with address 0x8b2A514B1aD6864aA6C623cC8985108eCAA3799c
2025-10-23 18:54:58,202 - INFO - Creating wallet with address Gk2ZUjVnuSM1CUekD78DztrfSFUhHdiR94fAD79C8nXe
2025-10-23 18:54:58,212 - INFO - Successfully created TRX wallet with address THYnjVrz6QVG6Mo8SKvfTzgNoQrGtmnC4Z
2025-10-23 18:54:58,217 - INFO - Creating wallet with address 0xb6bA7Ac670C5c00C0164DF61673Cb6590fc56ed6
2025-10-23 18:56:03,065 - INFO - Creating wallet with address 2S8jGgcFyhN71Xn8eSHL2Cm7VqPK9MP7T7WPm2BF3kde
2025-10-23 18:56:03,068 - INFO - Successfully created TRX wallet with address TSVpkCMbzR3kWRV7GoU7GrVEpbjPcZb8fh
2025-10-23 18:56:03,074 - INFO - Creating wallet with address 0x884677407A9FAF067Be8e0876E324fbE7CdBbcf1
2025-10-23 18:57:16,746 - INFO - Creating wallet with address A3Fsee9im6nYWccSUAubdM4RZ7jLDGJnGtcx1UVHmcR2
2025-10-23 18:57:16,754 - INFO - Successfully created TRX wallet with address TDqRwS8JuwkPzikhC3uzL9P2Q1ttRppZen
2025-10-23 18:57:16,758 - INFO - Creating wallet with address 0x62beceecc18b9CF0AFf9c9B407E9D9b7921A3Da1
2025-10-23 18:57:56,545 - INFO - Creating wallet with address 5nio9vSLB5H8kc4k16rRwcuXyBPRNQzHHh7YeSPFBTnW
2025-10-23 18:57:56,554 - INFO - Successfully created TRX wallet with address TUDGAVUuxBKwZWomHbsrJ1E93x3WSvhXEP
2025-10-23 18:57:56,557 - INFO - Creating wallet with address 0x1b8D91508078206BEA9E68e5dFA6D3cBcB949F76
2025-10-23 19:04:41,552 - INFO - Creating wallet with address H5UMxx9oCAzV3CsejeCX7ybXX8vnnT21rfPH8yy2twqV
2025-10-23 19:04:41,567 - INFO - Successfully created TRX wallet with address TLkoBoRZURHMQ7YW1b28CcokvDwcyVeLjj
2025-10-23 19:04:41,579 - INFO - Creating wallet with address 0xebD75C24F1ff021eAF584f4f364190209c2717aB
2025-10-23 19:09:51,465 - INFO - Creating wallet with address 2QfZz9f3VEoRM9PYq1gkWEk3aF8UrhZCxxa4XyT15WYL
2025-10-23 19:09:51,469 - INFO - Successfully created TRX wallet with address TF6mG5WDKLRuJi9XVV528DQrWmdut1MNT7
2025-10-23 19:09:51,472 - INFO - Creating wallet with address 0x203DAf5DcE683fd2E4e14883Efc2c5184c48EB03
2025-10-23 19:10:24,098 - INFO - Creating wallet with address 5sNYQfLME7Wy73ztmRWRtp3DUkETNNooAkfiveoJzS7n
2025-10-23 19:10:24,102 - INFO - Successfully created TRX wallet with address TXRcGCJArVD8dvCN3FSz7h5JazGYeouc81
2025-10-23 19:10:24,105 - INFO - Creating wallet with address 0xEac8Ba61FD2C8b373223D622e74118F2EB47d0B1
2025-10-23 19:11:29,734 - INFO - Creating wallet with address 5tWzLsxoqz5UjtT2SPQL3sWWVDBgPcBtfBB9MDGMNC8z
2025-10-23 19:11:29,739 - INFO - Successfully created TRX wallet with address TEsdJs8kZDqEqSo51BhT4ArLa4oXPrJiLU
2025-10-23 19:11:29,746 - INFO - Creating wallet with address 0x08ae88F397cB6D74899928d7cCFbB24fb1982b5F
2025-10-23 19:12:46,481 - INFO - Creating wallet with address 847eVGQrvpe83aRuFCyuxPLrKyvXfWQTJncwsUJFbgsv
2025-10-23 19:12:46,494 - INFO - Successfully created TRX wallet with address TRfqCnz6MhJtg5jmpwcAPFZPUpgFq5bULm
2025-10-23 19:12:46,500 - INFO - Creating wallet with address 0x43BEACA38774081FFd044DEE900b7a5F1b9c065B
2025-10-23 19:14:40,571 - INFO - Creating wallet with address 47Yh5UWabSGL9tespyKvaYsb3qFvdfbH86UBA48DRSKE
2025-10-23 19:14:40,576 - INFO - Successfully created TRX wallet with address TX2HRspLw65eft1xc3cx55H9ooS1YTdQBN
2025-10-23 19:14:40,579 - INFO - Creating wallet with address 0x1Af3eA8e702aA8c87De9B7FBb3f060e8ab825F96
2025-10-23 19:14:43,543 - INFO - Balance address: 47Yh5UWabSGL9tespyKvaYsb3qFvdfbH86UBA48DRSKE: 0.0
2025-10-23 19:14:43,640 - ERROR - Error: account not found on-chain
2025-10-23 19:14:45,620 - INFO - Balance address: tb1qweyakpj2qa0jrd974s9et59s2w4ch5tvx45rnt: 0.0
