2025/11/08 19:26:36 main.go:372: 🚀 Moderation service running on http://localhost:8080
2025/11/08 19:26:47 main.go:154: ✅ Received JSON request for post ID 168 with 1 media URLs
2025/11/08 19:26:47 main.go:156:    Media [1]: https://res.cloudinary.com/dtpzc0jgh/image/upload/v1762622807/cs4bwm4bvvzkrqdgpngk
2025/11/08 19:26:47 main.go:178: Text moderation for post 168: passed=true
2025/11/08 19:26:47 main.go:186: 📸 Processing media [1/1]: https://res.cloudinary.com/dtpzc0jgh/image/upload/v1762622807/cs4bwm4bvvzkrqdgpngk
2025/11/08 19:26:47 main.go:190:    🚀 Using direct Cloudinary URL (no download)
2025/11/08 19:26:47 helpers.go:171: Using SIGHTENGINE_USER=1496669676
2025/11/08 19:26:49 main.go:206: ❌ Media [1] FAILED
2025/11/08 19:26:49 main.go:274: Post ID 168 FAILED moderation
2025/11/08 19:26:49 main.go:344: Callback sent to Django, status: 500
2025/11/08 19:28:17 main.go:154: ✅ Received JSON request for post ID 169 with 1 media URLs
2025/11/08 19:28:17 main.go:156:    Media [1]: https://res.cloudinary.com/dtpzc0jgh/image/upload/v1762622896/dikdofmb89qbb9tay9gz
2025/11/08 19:28:17 main.go:178: Text moderation for post 169: passed=true
2025/11/08 19:28:17 main.go:186: 📸 Processing media [1/1]: https://res.cloudinary.com/dtpzc0jgh/image/upload/v1762622896/dikdofmb89qbb9tay9gz
2025/11/08 19:28:17 main.go:190:    🚀 Using direct Cloudinary URL (no download)
2025/11/08 19:28:17 helpers.go:171: Using SIGHTENGINE_USER=36901041
2025/11/08 19:28:18 main.go:204: ✅ Media [1] PASSED
2025/11/08 19:28:18 main.go:272: Post ID 169 PASSED moderation
2025/11/08 19:28:18 main.go:344: Callback sent to Django, status: 500
2025/11/08 19:29:00 main.go:154: ✅ Received JSON request for post ID 170 with 1 media URLs
2025/11/08 19:29:00 main.go:156:    Media [1]: https://res.cloudinary.com/dtpzc0jgh/image/upload/v1762622940/loq4vapnfnq9ze1ci5q9
2025/11/08 19:29:00 main.go:178: Text moderation for post 170: passed=true
2025/11/08 19:29:00 main.go:186: 📸 Processing media [1/1]: https://res.cloudinary.com/dtpzc0jgh/image/upload/v1762622940/loq4vapnfnq9ze1ci5q9
2025/11/08 19:29:00 main.go:190:    🚀 Using direct Cloudinary URL (no download)
2025/11/08 19:29:00 helpers.go:171: Using SIGHTENGINE_USER=1739177191
2025/11/08 19:29:01 main.go:204: ✅ Media [1] PASSED
2025/11/08 19:29:01 main.go:272: Post ID 170 PASSED moderation
2025/11/08 19:29:02 main.go:344: Callback sent to Django, status: 500
2025/11/08 19:29:24 main.go:154: ✅ Received JSON request for post ID 171 with 1 media URLs
2025/11/08 19:29:24 main.go:156:    Media [1]: https://res.cloudinary.com/dtpzc0jgh/image/upload/v1762622964/pmlqlwy92oqjjh4vplir
2025/11/08 19:29:24 main.go:178: Text moderation for post 171: passed=true
2025/11/08 19:29:24 main.go:186: 📸 Processing media [1/1]: https://res.cloudinary.com/dtpzc0jgh/image/upload/v1762622964/pmlqlwy92oqjjh4vplir
2025/11/08 19:29:24 main.go:190:    🚀 Using direct Cloudinary URL (no download)
2025/11/08 19:29:24 helpers.go:171: Using SIGHTENGINE_USER=1496669676
2025/11/08 19:29:25 main.go:204: ✅ Media [1] PASSED
2025/11/08 19:29:25 main.go:272: Post ID 171 PASSED moderation
2025/11/08 19:29:25 main.go:344: Callback sent to Django, status: 500
2025/11/08 19:30:05 main.go:154: ✅ Received JSON request for post ID 172 with 1 media URLs
2025/11/08 19:30:05 main.go:156:    Media [1]: https://res.cloudinary.com/dtpzc0jgh/video/upload/v1762623004/udr9wgb242mezxrdpsex
2025/11/08 19:30:05 main.go:178: Text moderation for post 172: passed=true
2025/11/08 19:30:05 main.go:186: 📸 Processing media [1/1]: https://res.cloudinary.com/dtpzc0jgh/video/upload/v1762623004/udr9wgb242mezxrdpsex
2025/11/08 19:30:05 main.go:190:    🚀 Using direct Cloudinary URL (no download)
2025/11/08 19:30:05 helpers.go:171: Using SIGHTENGINE_USER=1316397818
2025/11/08 19:30:06 main.go:204: ✅ Media [1] PASSED
2025/11/08 19:30:06 main.go:272: Post ID 172 PASSED moderation
2025/11/08 19:30:07 main.go:344: Callback sent to Django, status: 500
2025/11/08 19:32:29 main.go:154: ✅ Received JSON request for post ID 173 with 1 media URLs
2025/11/08 19:32:29 main.go:156:    Media [1]: https://res.cloudinary.com/dtpzc0jgh/image/upload/v1762623148/sghpyywoayeqhf3ymhqw
2025/11/08 19:32:29 main.go:178: Text moderation for post 173: passed=true
2025/11/08 19:32:29 main.go:186: 📸 Processing media [1/1]: https://res.cloudinary.com/dtpzc0jgh/image/upload/v1762623148/sghpyywoayeqhf3ymhqw
2025/11/08 19:32:29 main.go:190:    🚀 Using direct Cloudinary URL (no download)
2025/11/08 19:32:29 helpers.go:171: Using SIGHTENGINE_USER=216982646
2025/11/08 19:32:32 main.go:204: ✅ Media [1] PASSED
2025/11/08 19:32:32 main.go:272: Post ID 173 PASSED moderation
2025/11/08 19:32:32 main.go:344: Callback sent to Django, status: 500
2025/11/08 19:39:03 main.go:154: ✅ Received JSON request for post ID 174 with 1 media URLs
2025/11/08 19:39:03 main.go:156:    Media [1]: https://res.cloudinary.com/dtpzc0jgh/video/upload/v1762623542/s2awxano04ywy4tuktv1
2025/11/08 19:39:03 main.go:178: Text moderation for post 174: passed=true
2025/11/08 19:39:03 main.go:186: 📸 Processing media [1/1]: https://res.cloudinary.com/dtpzc0jgh/video/upload/v1762623542/s2awxano04ywy4tuktv1
2025/11/08 19:39:03 main.go:190:    🚀 Using direct Cloudinary URL (no download)
2025/11/08 19:39:03 helpers.go:171: Using SIGHTENGINE_USER=1012150028
2025/11/08 19:39:05 main.go:204: ✅ Media [1] PASSED
2025/11/08 19:39:05 main.go:272: Post ID 174 PASSED moderation
2025/11/08 19:39:05 main.go:344: Callback sent to Django, status: 500
2025/11/08 19:40:26 main.go:154: ✅ Received JSON request for post ID 175 with 1 media URLs
2025/11/08 19:40:26 main.go:156:    Media [1]: https://res.cloudinary.com/dtpzc0jgh/image/upload/v1762623625/soc9k2pkh7orhj9jayyi
2025/11/08 19:40:26 main.go:178: Text moderation for post 175: passed=true
2025/11/08 19:40:26 main.go:186: 📸 Processing media [1/1]: https://res.cloudinary.com/dtpzc0jgh/image/upload/v1762623625/soc9k2pkh7orhj9jayyi
2025/11/08 19:40:26 main.go:190:    🚀 Using direct Cloudinary URL (no download)
2025/11/08 19:40:26 helpers.go:171: Using SIGHTENGINE_USER=216982646
2025/11/08 19:40:27 main.go:204: ✅ Media [1] PASSED
2025/11/08 19:40:27 main.go:272: Post ID 175 PASSED moderation
2025/11/08 19:40:27 main.go:344: Callback sent to Django, status: 500
2025/11/08 19:41:18 main.go:154: ✅ Received JSON request for post ID 176 with 1 media URLs
2025/11/08 19:41:18 main.go:156:    Media [1]: https://res.cloudinary.com/dtpzc0jgh/image/upload/v1762623678/eqedzhstqdfpmcl8wwme
2025/11/08 19:41:18 main.go:178: Text moderation for post 176: passed=true
2025/11/08 19:41:18 main.go:186: 📸 Processing media [1/1]: https://res.cloudinary.com/dtpzc0jgh/image/upload/v1762623678/eqedzhstqdfpmcl8wwme
2025/11/08 19:41:18 main.go:190:    🚀 Using direct Cloudinary URL (no download)
2025/11/08 19:41:18 helpers.go:171: Using SIGHTENGINE_USER=36901041
2025/11/08 19:41:19 main.go:204: ✅ Media [1] PASSED
2025/11/08 19:41:19 main.go:272: Post ID 176 PASSED moderation
2025/11/08 19:41:19 main.go:344: Callback sent to Django, status: 200
2025/11/08 19:46:06 main.go:154: ✅ Received JSON request for post ID 180 with 1 media URLs
2025/11/08 19:46:06 main.go:156:    Media [1]: https://res.cloudinary.com/dtpzc0jgh/image/upload/v1762623965/ipv4dofqaqiev7ydhoza
2025/11/08 19:46:06 main.go:178: Text moderation for post 180: passed=true
2025/11/08 19:46:06 main.go:186: 📸 Processing media [1/1]: https://res.cloudinary.com/dtpzc0jgh/image/upload/v1762623965/ipv4dofqaqiev7ydhoza
2025/11/08 19:46:06 main.go:190:    🚀 Using direct Cloudinary URL (no download)
2025/11/08 19:46:06 helpers.go:171: Using SIGHTENGINE_USER=1012150028
2025/11/08 19:46:10 main.go:204: ✅ Media [1] PASSED
2025/11/08 19:46:10 main.go:272: Post ID 180 PASSED moderation
2025/11/08 19:46:10 main.go:344: Callback sent to Django, status: 200
2025/11/08 19:46:32 main.go:154: ✅ Received JSON request for post ID 181 with 1 media URLs
2025/11/08 19:46:32 main.go:156:    Media [1]: https://res.cloudinary.com/dtpzc0jgh/image/upload/v1762623991/itcftygzqsu5lnc5arss
2025/11/08 19:46:32 helpers.go:171: Using SIGHTENGINE_USER=1705451817
2025/11/08 19:46:32 helpers.go:269: Text moderation: passed=false, action=block, severity=55
2025/11/08 19:46:32 main.go:178: Text moderation for post 181: passed=false
2025/11/08 19:46:32 main.go:186: 📸 Processing media [1/1]: https://res.cloudinary.com/dtpzc0jgh/image/upload/v1762623991/itcftygzqsu5lnc5arss
2025/11/08 19:46:32 main.go:190:    🚀 Using direct Cloudinary URL (no download)
2025/11/08 19:46:32 helpers.go:171: Using SIGHTENGINE_USER=1673586046
2025/11/08 19:46:33 main.go:204: ✅ Media [1] PASSED
2025/11/08 19:46:33 main.go:274: Post ID 181 FAILED moderation
2025/11/08 19:46:33 main.go:344: Callback sent to Django, status: 200
2025/11/08 20:00:40 main.go:154: ✅ Received JSON request for post ID 182 with 1 media URLs
2025/11/08 20:00:40 main.go:156:    Media [1]: https://res.cloudinary.com/dtpzc0jgh/image/upload/v1762624840/lhsswjyyp13ow3wrnyag
2025/11/08 20:00:40 main.go:178: Text moderation for post 182: passed=true
2025/11/08 20:00:40 main.go:186: 📸 Processing media [1/1]: https://res.cloudinary.com/dtpzc0jgh/image/upload/v1762624840/lhsswjyyp13ow3wrnyag
2025/11/08 20:00:40 main.go:190:    🚀 Using direct Cloudinary URL (no download)
2025/11/08 20:00:40 helpers.go:171: Using SIGHTENGINE_USER=36901041
2025/11/08 20:00:43 main.go:206: ❌ Media [1] FAILED
2025/11/08 20:00:43 main.go:274: Post ID 182 FAILED moderation
2025/11/08 20:00:43 main.go:344: Callback sent to Django, status: 200
2025/11/08 20:02:05 main.go:154: ✅ Received JSON request for post ID 183 with 1 media URLs
2025/11/08 20:02:05 main.go:156:    Media [1]: https://res.cloudinary.com/dtpzc0jgh/image/upload/v1762624925/e6swflxfznag9ptibwgt
2025/11/08 20:02:05 helpers.go:171: Using SIGHTENGINE_USER=1739177191
2025/11/08 20:02:06 helpers.go:269: Text moderation: passed=true, action=allow, severity=0
2025/11/08 20:02:06 main.go:178: Text moderation for post 183: passed=true
2025/11/08 20:02:06 main.go:186: 📸 Processing media [1/1]: https://res.cloudinary.com/dtpzc0jgh/image/upload/v1762624925/e6swflxfznag9ptibwgt
2025/11/08 20:02:06 main.go:190:    🚀 Using direct Cloudinary URL (no download)
2025/11/08 20:02:06 helpers.go:171: Using SIGHTENGINE_USER=1012150028
2025/11/08 20:02:08 main.go:204: ✅ Media [1] PASSED
2025/11/08 20:02:08 main.go:272: Post ID 183 PASSED moderation
2025/11/08 20:02:08 main.go:344: Callback sent to Django, status: 200
